2014-05-08 08:59:52,975 - Velocimacro : messages on  : VM system will output logging messages
2014-05-08 08:59:52,975 - Velocimacro : autoload off  : VM system will not automatically reload global library macros
2014-05-08 08:59:52,975 - Velocimacro : initialization complete.
2014-05-08 08:59:52,975 - Velocity successfully started.
2014-05-08 09:02:57,295 - ResourceManager : found repast/simphony/scenario/Scenario.vt with loader org.apache.velocity.runtime.resource.loader.ClasspathResourceLoader
2014-05-08 09:53:36,622 - SimpleLog4JLogSystem initialized using logfile 'velocity.log'
2014-05-08 09:53:36,623 - ************************************************************** 
2014-05-08 09:53:36,623 - Starting Jakarta Velocity v1.4
2014-05-08 09:53:36,623 - RuntimeInstance initializing.
2014-05-08 09:53:36,623 - Default Properties File: org\apache\velocity\runtime\defaults\velocity.properties
2014-05-08 09:53:36,623 - Trying to use logger class org.apache.velocity.runtime.log.SimpleLog4JLogSystem
2014-05-08 09:53:36,623 - Using logger class org.apache.velocity.runtime.log.SimpleLog4JLogSystem
2014-05-08 09:53:36,627 - Default ResourceManager initializing. (class org.apache.velocity.runtime.resource.ResourceManagerImpl)
2014-05-08 09:53:36,630 - Resource Loader Instantiated: org.apache.velocity.runtime.resource.loader.ClasspathResourceLoader
2014-05-08 09:53:36,630 - ClasspathResourceLoader : initialization starting.
2014-05-08 09:53:36,630 - ClasspathResourceLoader : initialization complete.
2014-05-08 09:53:36,633 - ResourceCache : initialized. (class org.apache.velocity.runtime.resource.ResourceCacheImpl)
2014-05-08 09:53:36,633 - Default ResourceManager initialization complete.
2014-05-08 09:53:36,635 - Loaded System Directive: org.apache.velocity.runtime.directive.Literal
2014-05-08 09:53:36,637 - Loaded System Directive: org.apache.velocity.runtime.directive.Macro
2014-05-08 09:53:36,640 - Loaded System Directive: org.apache.velocity.runtime.directive.Parse
2014-05-08 09:53:36,642 - Loaded System Directive: org.apache.velocity.runtime.directive.Include
2014-05-08 09:53:36,643 - Loaded System Directive: org.apache.velocity.runtime.directive.Foreach
2014-05-08 09:53:36,672 - Created: 20 parsers.
2014-05-08 09:53:36,683 - Velocimacro : initialization starting.
2014-05-08 09:53:36,683 - Velocimacro : adding VMs from VM library template : VM_global_library.vm
2014-05-08 09:53:36,687 - ResourceManager : unable to find resource 'VM_global_library.vm' in any resource loader.
2014-05-08 09:53:36,687 - Velocimacro : error using  VM library template VM_global_library.vm : org.apache.velocity.exception.ResourceNotFoundException: Unable to find resource 'VM_global_library.vm'
2014-05-08 09:53:36,687 - Velocimacro :  VM library template macro registration complete.
2014-05-08 09:53:36,687 - Velocimacro : allowInline = true : VMs can be defined inline in templates
2014-05-08 09:53:36,687 - Velocimacro : allowInlineToOverride = false : VMs defined inline may NOT replace previous VM definitions
2014-05-08 09:53:36,687 - Velocimacro : allowInlineLocal = false : VMs defined inline will be  global in scope if allowed.
2014-05-08 09:53:36,687 - Velocimacro : messages on  : VM system will output logging messages
2014-05-08 09:53:36,687 - Velocimacro : autoload off  : VM system will not automatically reload global library macros
2014-05-08 09:53:36,687 - Velocimacro : initialization complete.
2014-05-08 09:53:36,687 - Velocity successfully started.
